<?xml version="1.0" encoding="UTF-8"?>
<!-- Generated by org.testng.reporters.JUnitXMLReporter -->
<testsuite ignored="22" hostname="DESKTOP-77BS3L0" failures="0" tests="1" name="Default test" time="1.148" errors="0" timestamp="04 Jul 2022 05:51:57 GMT">
  <testcase classname="testScenarios.LiveSupportGSD" name="@BeforeGroups driverConfig" time="1.119">
    <failure type="org.openqa.selenium.SessionNotCreatedException" message="session not created: This version of ChromeDriver only supports Chrome version 101
Current browser version is 103.0.5060.66 with binary path C:\Program Files\Google\Chrome\Application\chrome.exe
Build info: version: &amp;apos;3.141.59&amp;apos;, revision: &amp;apos;e82be7d358&amp;apos;, time: &amp;apos;2018-11-14T08:17:03&amp;apos;
System info: host: &amp;apos;DESKTOP-77BS3L0&amp;apos;, ip: &amp;apos;192.168.56.1&amp;apos;, os.name: &amp;apos;Windows 10&amp;apos;, os.arch: &amp;apos;amd64&amp;apos;, os.version: &amp;apos;10.0&amp;apos;, java.version: &amp;apos;17.0.2&amp;apos;
Driver info: driver.version: ChromeDriver
remote stacktrace: Backtrace:
	Ordinal0 [0x003FB8F3+2406643]
	Ordinal0 [0x0038AF31+1945393]
	Ordinal0 [0x0027C748+837448]
	Ordinal0 [0x0029C8B3+968883]
	Ordinal0 [0x002984BA+951482]
	Ordinal0 [0x00295D71+941425]
	Ordinal0 [0x002C8EE0+1150688]
	Ordinal0 [0x002C8B3A+1149754]
	Ordinal0 [0x002C4096+1130646]
	Ordinal0 [0x0029E636+976438]
	Ordinal0 [0x0029F546+980294]
	GetHandleVerifier [0x00669612+2498066]
	GetHandleVerifier [0x0065C920+2445600]
	GetHandleVerifier [0x00494F2A+579370]
	GetHandleVerifier [0x00493D36+574774]
	Ordinal0 [0x00391C0B+1973259]
	Ordinal0 [0x00396688+1992328]
	Ordinal0 [0x00396775+1992565]
	Ordinal0 [0x0039F8D1+2029777]
	BaseThreadInitThunk [0x7725FA29+25]
	RtlGetAppContainerNamedObjectPath [0x77CE7A9E+286]
	RtlGetAppContainerNamedObjectPath [0x77CE7A6E+238]
">
      <![CDATA[org.openqa.selenium.SessionNotCreatedException: session not created: This version of ChromeDriver only supports Chrome version 101
Current browser version is 103.0.5060.66 with binary path C:\Program Files\Google\Chrome\Application\chrome.exe
Build info: version: '3.141.59', revision: 'e82be7d358', time: '2018-11-14T08:17:03'
System info: host: 'DESKTOP-77BS3L0', ip: '192.168.56.1', os.name: 'Windows 10', os.arch: 'amd64', os.version: '10.0', java.version: '17.0.2'
Driver info: driver.version: ChromeDriver
remote stacktrace: Backtrace:
Ordinal0 [0x003FB8F3+2406643]
Ordinal0 [0x0038AF31+1945393]
Ordinal0 [0x0027C748+837448]
Ordinal0 [0x0029C8B3+968883]
Ordinal0 [0x002984BA+951482]
Ordinal0 [0x00295D71+941425]
Ordinal0 [0x002C8EE0+1150688]
Ordinal0 [0x002C8B3A+1149754]
Ordinal0 [0x002C4096+1130646]
Ordinal0 [0x0029E636+976438]
Ordinal0 [0x0029F546+980294]
GetHandleVerifier [0x00669612+2498066]
GetHandleVerifier [0x0065C920+2445600]
GetHandleVerifier [0x00494F2A+579370]
GetHandleVerifier [0x00493D36+574774]
Ordinal0 [0x00391C0B+1973259]
Ordinal0 [0x00396688+1992328]
Ordinal0 [0x00396775+1992565]
Ordinal0 [0x0039F8D1+2029777]
BaseThreadInitThunk [0x7725FA29+25]
RtlGetAppContainerNamedObjectPath [0x77CE7A9E+286]
RtlGetAppContainerNamedObjectPath [0x77CE7A6E+238]

at java.base/jdk.internal.reflect.NativeConstructorAccessorImpl.newInstance0(Native Method)
at java.base/jdk.internal.reflect.NativeConstructorAccessorImpl.newInstance(NativeConstructorAccessorImpl.java:77)
at java.base/jdk.internal.reflect.DelegatingConstructorAccessorImpl.newInstance(DelegatingConstructorAccessorImpl.java:45)
at java.base/java.lang.reflect.Constructor.newInstanceWithCaller(Constructor.java:499)
at java.base/java.lang.reflect.Constructor.newInstance(Constructor.java:480)
at org.openqa.selenium.remote.W3CHandshakeResponse.lambda$errorHandler$0(W3CHandshakeResponse.java:62)
at org.openqa.selenium.remote.HandshakeResponse.lambda$getResponseFunction$0(HandshakeResponse.java:30)
at org.openqa.selenium.remote.ProtocolHandshake.lambda$createSession$0(ProtocolHandshake.java:126)
at java.base/java.util.stream.ReferencePipeline$3$1.accept(ReferencePipeline.java:197)
at java.base/java.util.Spliterators$ArraySpliterator.tryAdvance(Spliterators.java:1002)
at java.base/java.util.stream.ReferencePipeline.forEachWithCancel(ReferencePipeline.java:129)
at java.base/java.util.stream.AbstractPipeline.copyIntoWithCancel(AbstractPipeline.java:527)
at java.base/java.util.stream.AbstractPipeline.copyInto(AbstractPipeline.java:513)
at java.base/java.util.stream.AbstractPipeline.wrapAndCopyInto(AbstractPipeline.java:499)
at java.base/java.util.stream.FindOps$FindOp.evaluateSequential(FindOps.java:150)
at java.base/java.util.stream.AbstractPipeline.evaluate(AbstractPipeline.java:234)
at java.base/java.util.stream.ReferencePipeline.findFirst(ReferencePipeline.java:647)
at org.openqa.selenium.remote.ProtocolHandshake.createSession(ProtocolHandshake.java:128)
at org.openqa.selenium.remote.ProtocolHandshake.createSession(ProtocolHandshake.java:74)
at org.openqa.selenium.remote.HttpCommandExecutor.execute(HttpCommandExecutor.java:136)
at org.openqa.selenium.remote.service.DriverCommandExecutor.execute(DriverCommandExecutor.java:83)
at org.openqa.selenium.remote.RemoteWebDriver.execute(RemoteWebDriver.java:552)
at org.openqa.selenium.remote.RemoteWebDriver.startSession(RemoteWebDriver.java:213)
at org.openqa.selenium.remote.RemoteWebDriver.<init>(RemoteWebDriver.java:131)
at org.openqa.selenium.chrome.ChromeDriver.<init>(ChromeDriver.java:181)
at org.openqa.selenium.chrome.ChromeDriver.<init>(ChromeDriver.java:168)
at org.openqa.selenium.chrome.ChromeDriver.<init>(ChromeDriver.java:123)
at userDefinedLibraries.DriverSetup.openDriver(DriverSetup.java:32)
at testScenarios.LiveSupportGSD.driverConfig(LiveSupportGSD.java:69)
at java.base/jdk.internal.reflect.NativeMethodAccessorImpl.invoke0(Native Method)
at java.base/jdk.internal.reflect.NativeMethodAccessorImpl.invoke(NativeMethodAccessorImpl.java:77)
at java.base/jdk.internal.reflect.DelegatingMethodAccessorImpl.invoke(DelegatingMethodAccessorImpl.java:43)
at java.base/java.lang.reflect.Method.invoke(Method.java:568)
at org.testng.internal.MethodInvocationHelper.invokeMethod(MethodInvocationHelper.java:124)
at org.testng.internal.MethodInvocationHelper.invokeMethodConsideringTimeout(MethodInvocationHelper.java:59)
at org.testng.internal.Invoker.invokeConfigurationMethod(Invoker.java:458)
at org.testng.internal.Invoker.invokeConfigurations(Invoker.java:222)
at org.testng.internal.Invoker.invokeConfigurations(Invoker.java:142)
at org.testng.internal.Invoker.invokeBeforeGroupsConfigurations(Invoker.java:751)
at org.testng.internal.Invoker.invokeMethod(Invoker.java:515)
at org.testng.internal.Invoker.invokeTestMethod(Invoker.java:719)
at org.testng.internal.Invoker.invokeTestMethods(Invoker.java:989)
at org.testng.internal.TestMethodWorker.invokeTestMethods(TestMethodWorker.java:125)
at org.testng.internal.TestMethodWorker.run(TestMethodWorker.java:109)
at org.testng.TestRunner.privateRun(TestRunner.java:648)
at org.testng.TestRunner.run(TestRunner.java:505)
at org.testng.SuiteRunner.runTest(SuiteRunner.java:455)
at org.testng.SuiteRunner.runSequentially(SuiteRunner.java:450)
at org.testng.SuiteRunner.privateRun(SuiteRunner.java:415)
at org.testng.SuiteRunner.run(SuiteRunner.java:364)
at org.testng.SuiteRunnerWorker.runSuite(SuiteRunnerWorker.java:52)
at org.testng.SuiteRunnerWorker.run(SuiteRunnerWorker.java:84)
at org.testng.TestNG.runSuitesSequentially(TestNG.java:1208)
at org.testng.TestNG.runSuitesLocally(TestNG.java:1137)
at org.testng.TestNG.runSuites(TestNG.java:1049)
at org.testng.TestNG.run(TestNG.java:1017)
at org.testng.remote.AbstractRemoteTestNG.run(AbstractRemoteTestNG.java:115)
at org.testng.remote.RemoteTestNG.initAndRun(RemoteTestNG.java:251)
at org.testng.remote.RemoteTestNG.main(RemoteTestNG.java:77)
]]>
    </failure>
  </testcase> <!-- @BeforeGroups driverConfig -->
  <testcase classname="testScenarios.LiveSupportGSD" name="testCaseReadExcel" time="0.0">
    <skipped/>
  </testcase> <!-- testCaseReadExcel -->
  <testcase classname="testScenarios.LiveSupportGSD" name="enterSearchBox" time="0.0">
    <ignored/>
  </testcase> <!-- enterSearchBox -->
  <testcase classname="testScenarios.LiveSupportGSD" name="clickSearchBox" time="0.0">
    <ignored/>
  </testcase> <!-- clickSearchBox -->
  <testcase classname="testScenarios.LiveSupportGSD" name="switchIFrame" time="0.0">
    <ignored/>
  </testcase> <!-- switchIFrame -->
  <testcase classname="testScenarios.LiveSupportGSD" name="enterEmail" time="0.0">
    <ignored/>
  </testcase> <!-- enterEmail -->
  <testcase classname="testScenarios.LiveSupportGSD" name="logGSDServices" time="0.0">
    <ignored/>
  </testcase> <!-- logGSDServices -->
  <testcase classname="testScenarios.LiveSupportGSD" name="clickNext" time="0.0">
    <ignored/>
  </testcase> <!-- clickNext -->
  <testcase classname="testScenarios.LiveSupportGSD" name="clickResult" time="0.0">
    <ignored/>
  </testcase> <!-- clickResult -->
  <testcase classname="testScenarios.LiveSupportGSD" name="enterOTP" time="0.0">
    <ignored/>
  </testcase> <!-- enterOTP -->
  <testcase classname="testScenarios.LiveSupportGSD" name="switchWindowHandle" time="0.0">
    <ignored/>
  </testcase> <!-- switchWindowHandle -->
  <testcase classname="testScenarios.LiveSupportGSD" name="enterPassword" time="0.0">
    <ignored/>
  </testcase> <!-- enterPassword -->
  <testcase classname="testScenarios.LiveSupportGSD" name="clickSignIn" time="0.0">
    <ignored/>
  </testcase> <!-- clickSignIn -->
  <testcase classname="testScenarios.LiveSupportGSD" name="getFourthServiceList" time="0.0">
    <ignored/>
  </testcase> <!-- getFourthServiceList -->
  <testcase classname="testScenarios.LiveSupportGSD" name="clickCountryMenu" time="0.0">
    <ignored/>
  </testcase> <!-- clickCountryMenu -->
  <testcase classname="testScenarios.LiveSupportGSD" name="getFirstServiceList" time="0.0">
    <ignored/>
  </testcase> <!-- getFirstServiceList -->
  <testcase classname="testScenarios.LiveSupportGSD" name="getSecondServiceList" time="0.0">
    <ignored/>
  </testcase> <!-- getSecondServiceList -->
  <testcase classname="testScenarios.LiveSupportGSD" name="clickVerify" time="0.0">
    <ignored/>
  </testcase> <!-- clickVerify -->
  <testcase classname="testScenarios.LiveSupportGSD" name="getHeadersOfServices" time="0.0">
    <ignored/>
  </testcase> <!-- getHeadersOfServices -->
  <testcase classname="testScenarios.LiveSupportGSD" name="clickStaySignedIn" time="0.0">
    <ignored/>
  </testcase> <!-- clickStaySignedIn -->
  <testcase classname="testScenarios.LiveSupportGSD" name="getUserInfo" time="0.0">
    <ignored/>
  </testcase> <!-- getUserInfo -->
  <testcase classname="testScenarios.LiveSupportGSD" name="getThirdServiceList" time="0.0">
    <ignored/>
  </testcase> <!-- getThirdServiceList -->
  <testcase classname="testScenarios.LiveSupportGSD" name="verificationMethod" time="0.0">
    <ignored/>
  </testcase> <!-- verificationMethod -->
  <testcase classname="testScenarios.LiveSupportGSD" name="clickCountry" time="0.0">
    <ignored/>
  </testcase> <!-- clickCountry -->
</testsuite> <!-- Default test -->
